flutter 1/animal_rescue_app_new/build/app/outputs/logs/manifest-merger-release-report.txt
-- Merging decision tree log ---
application
INJECTED from src\main\AndroidManifest.xml:10:5-40:19
INJECTED from src\main\AndroidManifest.xml:10:5-40:19
MERGED from [:geolocator_android] AndroidManifest.xml:7:5-13:19
MERGED from [:geolocator_android] AndroidManifest.xml:7:5-13:19
MERGED from [com.google.android.gms:play-services-location:21.2.0] AndroidManifest.xml:7:5-20
MERGED from [com.google.android.gms:play-services-location:21.2.0] AndroidManifest.xml:7:5-20
MERGED from [:cloud_firestore] AndroidManifest.xml:7:5-13:19
MERGED from [:cloud_firestore] AndroidManifest.xml:7:5-13:19
MERGED from [:firebase_storage] AndroidManifest.xml:7:5-13:19
MERGED from [:firebase_storage] AndroidManifest.xml:7:5-13:19
MERGED from [:firebase_core] AndroidManifest.xml:7:5-13:19
MERGED from [:firebase_core] AndroidManifest.xml:7:5-13:19
MERGED from [:image_picker_android] AndroidManifest.xml:8:5-32:19
MERGED from [:image_picker_android] AndroidManifest.xml:8:5-32:19
MERGED from [com.github.canardoux:flutter_sound_core:9.25.9] AndroidManifest.xml:13:5-14:19
MERGED from [com.github.canardoux:flutter_sound_core:9.25.9] AndroidManifest.xml:13:5-14:19
MERGED from [com.google.firebase:firebase-firestore:25.1.2] AndroidManifest.xml:13:5-24:19
MERGED from [com.google.firebase:firebase-firestore:25.1.2] AndroidManifest.xml:13:5-24:19
MERGED from [com.google.firebase:firebase-storage:21.0.1] AndroidManifest.xml:26:5-37:19
MERGED from [com.google.firebase:firebase-storage:21.0.1] AndroidManifest.xml:26:5-37:19
MERGED from [com.google.firebase:firebase-appcheck:18.0.0] AndroidManifest.xml:21:5-32:19
MERGED from [com.google.firebase:firebase-appcheck:18.0.0] AndroidManifest.xml:21:5-32:19
MERGED from [com.google.firebase:firebase-appcheck-interop:17.1.0] AndroidManifest.xml:21:5-20
MERGED from [com.google.firebase:firebase-appcheck-interop:17.1.0] AndroidManifest.xml:21:5-20
MERGED from [com.google.android.gms:play-services-base:18.3.0] AndroidManifest.xml:19:5-23:19
MERGED from [com.google.android.gms:play-services-base:18.3.0] AndroidManifest.xml:19:5-23:19
MERGED from [com.google.firebase:firebase-common-ktx:21.0.0] AndroidManifest.xml:8:5-16:19
MERGED from [com.google.firebase:firebase-common-ktx:21.0.0] AndroidManifest.xml:8:5-16:19
MERGED from [com.google.firebase:firebase-common:21.0.0] AndroidManifest.xml:22:5-39:19
MERGED from [com.google.firebase:firebase-common:21.0.0] AndroidManifest.xml:22:5-39:19
MERGED from [com.google.firebase:firebase-auth-interop:19.0.2] AndroidManifest.xml:7:5-8:19
MERGED from [com.google.firebase:firebase-auth-interop:19.0.2] AndroidManifest.xml:7:5-8:19
MERGED from [androidx.window:window:1.2.0] AndroidManifest.xml:22:5-29:19
MERGED from [androidx.window:window:1.2.0] AndroidManifest.xml:22:5-29:19
MERGED from [com.google.android.gms:play-services-tasks:18.1.0] AndroidManifest.xml:5:5-20
MERGED from [com.google.android.gms:play-services-tasks:18.1.0] AndroidManifest.xml:5:5-20
MERGED from [com.google.android.gms:play-services-basement:18.3.0] AndroidManifest.xml:20:5-24:19
MERGED from [com.google.android.gms:play-services-basement:18.3.0] AndroidManifest.xml:20:5-24:19
MERGED from [androidx.core:core:1.13.1] AndroidManifest.xml:28:5-89
MERGED from [androidx.core:core:1.13.1] AndroidManifest.xml:28:5-89
MERGED from [androidx.lifecycle:lifecycle-process:2.7.0] AndroidManifest.xml:23:5-33:19
MERGED from [androidx.lifecycle:lifecycle-process:2.7.0] AndroidManifest.xml:23:5-33:19
MERGED from [androidx.profileinstaller:profileinstaller:1.3.1] AndroidManifest.xml:23:5-53:19
MERGED from [androidx.profileinstaller:profileinstaller:1.3.1] AndroidManifest.xml:23:5-53:19
MERGED from [androidx.startup:startup-runtime:1.1.1] AndroidManifest.xml:25:5-31:19
MERGED from [androidx.startup:startup-runtime:1.1.1] AndroidManifest.xml:25:5-31:19
MERGED from [androidx.versionedparcelable:versionedparcelable:1.1.1] AndroidManifest.xml:24:5-25:19
MERGED from [androidx.versionedparcelable:versionedparcelable:1.1.1] AndroidManifest.xml:24:5-25:19
	android:extractNativeLibs
		INJECTED from src\main\AndroidManifest.xml
	android:appComponentFactory
		ADDED from [androidx.core:core:1.13.1] AndroidManifest.xml:28:18-86
	android:label
		ADDED from src\main\AndroidManifest.xml:11:9-36
	android:icon
		ADDED from src\main\AndroidManifest.xml:13:9-43
	android:name
		INJECTED from src\main\AndroidManifest.xml
		ADDED from src\main\AndroidManifest.xml:12:9-42
manifest
ADDED from src\main\AndroidManifest.xml:1:1-49:12
INJECTED from src\main\AndroidManifest.xml:1:1-49:12
INJECTED from src\main\AndroidManifest.xml:1:1-49:12
INJECTED from src\main\AndroidManifest.xml:1:1-49:12
MERGED from [:geolocator_android] AndroidManifest.xml:2:1-15:12
MERGED from [com.google.android.gms:play-services-location:21.2.0] AndroidManifest.xml:2:1-9:12
MERGED from [:cloud_firestore] AndroidManifest.xml:2:1-15:12
MERGED from [:firebase_storage] AndroidManifest.xml:2:1-15:12
MERGED from [:firebase_core] AndroidManifest.xml:2:1-15:12
MERGED from [:image_picker_android] AndroidManifest.xml:2:1-34:12
MERGED from [:flutter_plugin_android_lifecycle] AndroidManifest.xml:2:1-7:12
MERGED from [:flutter_sound] AndroidManifest.xml:2:1-7:12
MERGED from [:path_provider_android] AndroidManifest.xml:2:1-7:12
MERGED from [:permission_handler_android] AndroidManifest.xml:2:1-7:12
MERGED from [com.github.canardoux:flutter_sound_core:9.25.9] AndroidManifest.xml:2:1-16:12
MERGED from [androidx.media:media:1.4.1] AndroidManifest.xml:17:1-30:12
MERGED from [androidx.appcompat:appcompat:1.2.0] AndroidManifest.xml:17:1-24:12
MERGED from [com.google.firebase:firebase-firestore:25.1.2] AndroidManifest.xml:2:1-26:12
MERGED from [com.google.firebase:firebase-storage:21.0.1] AndroidManifest.xml:15:1-39:12
MERGED from [com.google.firebase:firebase-database-collection:18.0.1] AndroidManifest.xml:2:1-9:12
MERGED from [com.google.firebase:firebase-appcheck:18.0.0] AndroidManifest.xml:15:1-34:12
MERGED from [com.google.firebase:firebase-appcheck-interop:17.1.0] AndroidManifest.xml:15:1-23:12
MERGED from [com.google.android.gms:play-services-base:18.3.0] AndroidManifest.xml:16:1-24:12
MERGED from [com.google.firebase:firebase-common-ktx:21.0.0] AndroidManifest.xml:2:1-18:12
MERGED from [com.google.firebase:firebase-common:21.0.0] AndroidManifest.xml:15:1-41:12
MERGED from [com.google.firebase:firebase-auth-interop:19.0.2] AndroidManifest.xml:2:1-10:12
MERGED from [androidx.window:window:1.2.0] AndroidManifest.xml:17:1-31:12
MERGED from [androidx.window:window-java:1.2.0] AndroidManifest.xml:17:1-21:12
MERGED from [androidx.loader:loader:1.0.0] AndroidManifest.xml:17:1-22:12
MERGED from [androidx.lifecycle:lifecycle-livedata-core-ktx:2.7.0] AndroidManifest.xml:2:1-7:12
MERGED from [androidx.lifecycle:lifecycle-livedata-core:2.7.0] AndroidManifest.xml:17:1-22:12
MERGED from [androidx.lifecycle:lifecycle-viewmodel:2.7.0] AndroidManifest.xml:17:1-22:12
MERGED from [androidx.lifecycle:lifecycle-viewmodel-savedstate:2.7.0] AndroidManifest.xml:17:1-22:12
MERGED from [androidx.lifecycle:lifecycle-livedata:2.7.0] AndroidManifest.xml:17:1-22:12
MERGED from [com.google.android.gms:play-services-tasks:18.1.0] AndroidManifest.xml:2:1-6:12
MERGED from [com.google.android.gms:play-services-basement:18.3.0] AndroidManifest.xml:16:1-26:12
MERGED from [androidx.fragment:fragment:1.7.1] AndroidManifest.xml:2:1-7:12
MERGED from [androidx.activity:activity:1.9.3] AndroidManifest.xml:17:1-22:12
MERGED from [androidx.appcompat:appcompat-resources:1.2.0] AndroidManifest.xml:17:1-24:12
MERGED from [androidx.drawerlayout:drawerlayout:1.0.0] AndroidManifest.xml:17:1-22:12
MERGED from [androidx.viewpager:viewpager:1.0.0] AndroidManifest.xml:17:1-22:12
MERGED from [androidx.vectordrawable:vectordrawable-animated:1.1.0] AndroidManifest.xml:17:1-24:12
MERGED from [androidx.vectordrawable:vectordrawable:1.1.0] AndroidManifest.xml:17:1-24:12
MERGED from [androidx.customview:customview:1.0.0] AndroidManifest.xml:17:1-22:12
MERGED from [androidx.core:core-ktx:1.13.1] AndroidManifest.xml:2:1-7:12
MERGED from [androidx.core:core:1.13.1] AndroidManifest.xml:17:1-30:12
MERGED from [androidx.lifecycle:lifecycle-runtime:2.7.0] AndroidManifest.xml:2:1-7:12
MERGED from [androidx.lifecycle:lifecycle-process:2.7.0] AndroidManifest.xml:17:1-35:12
MERGED from [androidx.savedstate:savedstate:1.2.1] AndroidManifest.xml:17:1-22:12
MERGED from [androidx.exifinterface:exifinterface:1.3.7] AndroidManifest.xml:17:1-24:12
MERGED from [androidx.profileinstaller:profileinstaller:1.3.1] AndroidManifest.xml:17:1-55:12
MERGED from [androidx.startup:startup-runtime:1.1.1] AndroidManifest.xml:17:1-33:12
MERGED from [androidx.tracing:tracing:1.2.0] AndroidManifest.xml:17:1-22:12
MERGED from [androidx.versionedparcelable:versionedparcelable:1.1.1] AndroidManifest.xml:17:1-27:12
MERGED from [androidx.cursoradapter:cursoradapter:1.0.0] AndroidManifest.xml:17:1-22:12
MERGED from [androidx.interpolator:interpolator:1.0.0] AndroidManifest.xml:17:1-22:12
MERGED from [com.google.firebase:firebase-components:18.0.0] AndroidManifest.xml:15:1-20:12
MERGED from [androidx.arch.core:core-runtime:2.2.0] AndroidManifest.xml:17:1-22:12
MERGED from [androidx.window.extensions.core:core:1.0.0] AndroidManifest.xml:2:1-7:12
MERGED from [androidx.annotation:annotation-experimental:1.4.0] AndroidManifest.xml:2:1-7:12
MERGED from [com.getkeepsafe.relinker:relinker:1.4.5] AndroidManifest.xml:2:1-7:12
MERGED from [com.google.firebase:protolite-well-known-types:18.0.0] AndroidManifest.xml:2:1-11:12
MERGED from [io.grpc:grpc-android:1.62.2] AndroidManifest.xml:2:1-9:12
	package
		INJECTED from src\main\AndroidManifest.xml
	android:versionName
		INJECTED from src\main\AndroidManifest.xml
	android:versionCode
		INJECTED from src\main\AndroidManifest.xml
	xmlns:android
		ADDED from src\main\AndroidManifest.xml:1:11-69
uses-permission#android.permission.ACCESS_FINE_LOCATION
ADDED from src\main\AndroidManifest.xml:3:5-78
	android:name
		ADDED from src\main\AndroidManifest.xml:3:22-76
uses-permission#android.permission.ACCESS_COARSE_LOCATION
ADDED from src\main\AndroidManifest.xml:4:5-80
	android:name
		ADDED from src\main\AndroidManifest.xml:4:22-78
uses-permission#android.permission.RECORD_AUDIO
ADDED from src\main\AndroidManifest.xml:5:5-70
MERGED from [com.github.canardoux:flutter_sound_core:9.25.9] AndroidManifest.xml:10:5-71
MERGED from [com.github.canardoux:flutter_sound_core:9.25.9] AndroidManifest.xml:10:5-71
	android:name
		ADDED from src\main\AndroidManifest.xml:5:22-68
uses-permission#android.permission.CAMERA
ADDED from src\main\AndroidManifest.xml:6:5-64
	android:name
		ADDED from src\main\AndroidManifest.xml:6:22-62
uses-permission#android.permission.INTERNET
ADDED from src\main\AndroidManifest.xml:7:5-66
MERGED from [com.google.firebase:firebase-firestore:25.1.2] AndroidManifest.xml:11:5-67
MERGED from [com.google.firebase:firebase-firestore:25.1.2] AndroidManifest.xml:11:5-67
MERGED from [com.google.firebase:firebase-storage:21.0.1] AndroidManifest.xml:24:5-67
MERGED from [com.google.firebase:firebase-storage:21.0.1] AndroidManifest.xml:24:5-67
	android:name
		ADDED from src\main\AndroidManifest.xml:7:22-64
queries
ADDED from src\main\AndroidManifest.xml:43:5-48:15
MERGED from [androidx.media:media:1.4.1] AndroidManifest.xml:24:5-28:15
MERGED from [androidx.media:media:1.4.1] AndroidManifest.xml:24:5-28:15
intent#action:name:android.intent.action.PROCESS_TEXT+data:mimeType:text/plain
ADDED from src\main\AndroidManifest.xml:44:9-47:18
action#android.intent.action.PROCESS_TEXT
ADDED from src\main\AndroidManifest.xml:45:13-72
	android:name
		ADDED from src\main\AndroidManifest.xml:45:21-70
data
ADDED from src\main\AndroidManifest.xml:46:13-50
	android:mimeType
		ADDED from src\main\AndroidManifest.xml:46:19-48
activity#com.example.animal_rescue_app_new.MainActivity
ADDED from src\main\AndroidManifest.xml:15:9-34:20
	android:launchMode
		ADDED from src\main\AndroidManifest.xml:18:13-43
	android:hardwareAccelerated
		ADDED from src\main\AndroidManifest.xml:22:13-47
	android:windowSoftInputMode
		ADDED from src\main\AndroidManifest.xml:23:13-55
	android:exported
		ADDED from src\main\AndroidManifest.xml:17:13-36
	android:configChanges
		ADDED from src\main\AndroidManifest.xml:21:13-163
	android:theme
		ADDED from src\main\AndroidManifest.xml:20:13-47
	android:taskAffinity
		ADDED from src\main\AndroidManifest.xml:19:13-36
	android:name
		ADDED from src\main\AndroidManifest.xml:16:13-41
meta-data#io.flutter.embedding.android.NormalTheme
ADDED from src\main\AndroidManifest.xml:25:13-28:15
	android:resource
		ADDED from src\main\AndroidManifest.xml:27:17-54
	android:name
		ADDED from src\main\AndroidManifest.xml:26:17-72
intent-filter#action:name:android.intent.action.MAIN+category:name:android.intent.category.LAUNCHER
ADDED from src\main\AndroidManifest.xml:30:13-33:29
action#android.intent.action.MAIN
ADDED from src\main\AndroidManifest.xml:31:17-68
	android:name
		ADDED from src\main\AndroidManifest.xml:31:25-66
category#android.intent.category.LAUNCHER
ADDED from src\main\AndroidManifest.xml:32:17-76
	android:name
		ADDED from src\main\AndroidManifest.xml:32:27-74
meta-data#flutterEmbedding
ADDED from src\main\AndroidManifest.xml:37:9-39:33
	android:value
		ADDED from src\main\AndroidManifest.xml:39:13-30
	android:name
		ADDED from src\main\AndroidManifest.xml:38:13-44
uses-sdk
INJECTED from src\main\AndroidManifest.xml reason: use-sdk injection requested
INJECTED from src\main\AndroidManifest.xml
INJECTED from src\main\AndroidManifest.xml
MERGED from [:geolocator_android] AndroidManifest.xml:5:5-44
MERGED from [:geolocator_android] AndroidManifest.xml:5:5-44
MERGED from [com.google.android.gms:play-services-location:21.2.0] AndroidManifest.xml:5:5-44
MERGED from [com.google.android.gms:play-services-location:21.2.0] AndroidManifest.xml:5:5-44
MERGED from [:cloud_firestore] AndroidManifest.xml:5:5-44
MERGED from [:cloud_firestore] AndroidManifest.xml:5:5-44
MERGED from [:firebase_storage] AndroidManifest.xml:5:5-44
MERGED from [:firebase_storage] AndroidManifest.xml:5:5-44
MERGED from [:firebase_core] AndroidManifest.xml:5:5-44
MERGED from [:firebase_core] AndroidManifest.xml:5:5-44
MERGED from [:image_picker_android] AndroidManifest.xml:6:5-44
MERGED from [:image_picker_android] AndroidManifest.xml:6:5-44
MERGED from [:flutter_plugin_android_lifecycle] AndroidManifest.xml:5:5-44
MERGED from [:flutter_plugin_android_lifecycle] AndroidManifest.xml:5:5-44
MERGED from [:flutter_sound] AndroidManifest.xml:5:5-44
MERGED from [:flutter_sound] AndroidManifest.xml:5:5-44
MERGED from [:path_provider_android] AndroidManifest.xml:5:5-44
MERGED from [:path_provider_android] AndroidManifest.xml:5:5-44
MERGED from [:permission_handler_android] AndroidManifest.xml:5:5-44
MERGED from [:permission_handler_android] AndroidManifest.xml:5:5-44
MERGED from [com.github.canardoux:flutter_sound_core:9.25.9] AndroidManifest.xml:5:5-44
MERGED from [com.github.canardoux:flutter_sound_core:9.25.9] AndroidManifest.xml:5:5-44
MERGED from [androidx.media:media:1.4.1] AndroidManifest.xml:20:5-22:41
MERGED from [androidx.media:media:1.4.1] AndroidManifest.xml:20:5-22:41
MERGED from [androidx.appcompat:appcompat:1.2.0] AndroidManifest.xml:20:5-22:41
MERGED from [androidx.appcompat:appcompat:1.2.0] AndroidManifest.xml:20:5-22:41
MERGED from [com.google.firebase:firebase-firestore:25.1.2] AndroidManifest.xml:6:5-44
MERGED from [com.google.firebase:firebase-firestore:25.1.2] AndroidManifest.xml:6:5-44
MERGED from [com.google.firebase:firebase-storage:21.0.1] AndroidManifest.xml:19:5-44
MERGED from [com.google.firebase:firebase-storage:21.0.1] AndroidManifest.xml:19:5-44
MERGED from [com.google.firebase:firebase-database-collection:18.0.1] AndroidManifest.xml:5:5-7:41
MERGED from [com.google.firebase:firebase-database-collection:18.0.1] AndroidManifest.xml:5:5-7:41
MERGED from [com.google.firebase:firebase-appcheck:18.0.0] AndroidManifest.xml:18:5-44
MERGED from [com.google.firebase:firebase-appcheck:18.0.0] AndroidManifest.xml:18:5-44
MERGED from [com.google.firebase:firebase-appcheck-interop:17.1.0] AndroidManifest.xml:18:5-44
MERGED from [com.google.firebase:firebase-appcheck-interop:17.1.0] AndroidManifest.xml:18:5-44
MERGED from [com.google.android.gms:play-services-base:18.3.0] AndroidManifest.xml:18:5-43
MERGED from [com.google.android.gms:play-services-base:18.3.0] AndroidManifest.xml:18:5-43
MERGED from [com.google.firebase:firebase-common-ktx:21.0.0] AndroidManifest.xml:5:5-44
MERGED from [com.google.firebase:firebase-common-ktx:21.0.0] AndroidManifest.xml:5:5-44
MERGED from [com.google.firebase:firebase-common:21.0.0] AndroidManifest.xml:19:5-44
MERGED from [com.google.firebase:firebase-common:21.0.0] AndroidManifest.xml:19:5-44
MERGED from [com.google.firebase:firebase-auth-interop:19.0.2] AndroidManifest.xml:5:5-44
MERGED from [com.google.firebase:firebase-auth-interop:19.0.2] AndroidManifest.xml:5:5-44
MERGED from [androidx.window:window:1.2.0] AndroidManifest.xml:20:5-44
MERGED from [androidx.window:window:1.2.0] AndroidManifest.xml:20:5-44
MERGED from [androidx.window:window-java:1.2.0] AndroidManifest.xml:19:5-44
MERGED from [androidx.window:window-java:1.2.0] AndroidManifest.xml:19:5-44
MERGED from [androidx.loader:loader:1.0.0] AndroidManifest.xml:20:5-44
MERGED from [androidx.loader:loader:1.0.0] AndroidManifest.xml:20:5-44
MERGED from [androidx.lifecycle:lifecycle-livedata-core-ktx:2.7.0] AndroidManifest.xml:5:5-44
MERGED from [androidx.lifecycle:lifecycle-livedata-core-ktx:2.7.0] AndroidManifest.xml:5:5-44
MERGED from [androidx.lifecycle:lifecycle-livedata-core:2.7.0] AndroidManifest.xml:20:5-44
MERGED from [androidx.lifecycle:lifecycle-livedata-core:2.7.0] AndroidManifest.xml:20:5-44
MERGED from [androidx.lifecycle:lifecycle-viewmodel:2.7.0] AndroidManifest.xml:20:5-44
MERGED from [androidx.lifecycle:lifecycle-viewmodel:2.7.0] AndroidManifest.xml:20:5-44
MERGED from [androidx.lifecycle:lifecycle-viewmodel-savedstate:2.7.0] AndroidManifest.xml:20:5-44
MERGED from [androidx.lifecycle:lifecycle-viewmodel-savedstate:2.7.0] AndroidManifest.xml:20:5-44
MERGED from [androidx.lifecycle:lifecycle-livedata:2.7.0] AndroidManifest.xml:20:5-44
MERGED from [androidx.lifecycle:lifecycle-livedata:2.7.0] AndroidManifest.xml:20:5-44
MERGED from [com.google.android.gms:play-services-tasks:18.1.0] AndroidManifest.xml:4:5-43
MERGED from [com.google.android.gms:play-services-tasks:18.1.0] AndroidManifest.xml:4:5-43
MERGED from [com.google.android.gms:play-services-basement:18.3.0] AndroidManifest.xml:18:5-43
MERGED from [com.google.android.gms:play-services-basement:18.3.0] AndroidManifest.xml:18:5-43
MERGED from [androidx.fragment:fragment:1.7.1] AndroidManifest.xml:5:5-44
MERGED from [androidx.fragment:fragment:1.7.1] AndroidManifest.xml:5:5-44
MERGED from [androidx.activity:activity:1.9.3] AndroidManifest.xml:20:5-44
MERGED from [androidx.activity:activity:1.9.3] AndroidManifest.xml:20:5-44
MERGED from [androidx.appcompat:appcompat-resources:1.2.0] AndroidManifest.xml:20:5-22:41
MERGED from [androidx.appcompat:appcompat-resources:1.2.0] AndroidManifest.xml:20:5-22:41
MERGED from [androidx.drawerlayout:drawerlayout:1.0.0] AndroidManifest.xml:20:5-44
MERGED from [androidx.drawerlayout:drawerlayout:1.0.0] AndroidManifest.xml:20:5-44
MERGED from [androidx.viewpager:viewpager:1.0.0] AndroidManifest.xml:20:5-44
MERGED from [androidx.viewpager:viewpager:1.0.0] AndroidManifest.xml:20:5-44
MERGED from [androidx.vectordrawable:vectordrawable-animated:1.1.0] AndroidManifest.xml:20:5-22:41
MERGED from [androidx.vectordrawable:vectordrawable-animated:1.1.0] AndroidManifest.xml:20:5-22:41
MERGED from [androidx.vectordrawable:vectordrawable:1.1.0] AndroidManifest.xml:20:5-22:41
MERGED from [androidx.vectordrawable:vectordrawable:1.1.0] AndroidManifest.xml:20:5-22:41
MERGED from [androidx.customview:customview:1.0.0] AndroidManifest.xml:20:5-44
MERGED from [androidx.customview:customview:1.0.0] AndroidManifest.xml:20:5-44
MERGED from [androidx.core:core-ktx:1.13.1] AndroidManifest.xml:5:5-44
MERGED from [androidx.core:core-ktx:1.13.1] AndroidManifest.xml:5:5-44
MERGED from [androidx.core:core:1.13.1] AndroidManifest.xml:20:5-44
MERGED from [androidx.core:core:1.13.1] AndroidManifest.xml:20:5-44
MERGED from [androidx.lifecycle:lifecycle-runtime:2.7.0] AndroidManifest.xml:5:5-44
MERGED from [androidx.lifecycle:lifecycle-runtime:2.7.0] AndroidManifest.xml:5:5-44
MERGED from [androidx.lifecycle:lifecycle-process:2.7.0] AndroidManifest.xml:21:5-44
MERGED from [androidx.lifecycle:lifecycle-process:2.7.0] AndroidManifest.xml:21:5-44
MERGED from [androidx.savedstate:savedstate:1.2.1] AndroidManifest.xml:20:5-44
MERGED from [androidx.savedstate:savedstate:1.2.1] AndroidManifest.xml:20:5-44
MERGED from [androidx.exifinterface:exifinterface:1.3.7] AndroidManifest.xml:20:5-22:41
MERGED from [androidx.exifinterface:exifinterface:1.3.7] AndroidManifest.xml:20:5-22:41
MERGED from [androidx.profileinstaller:profileinstaller:1.3.1] AndroidManifest.xml:21:5-44
MERGED from [androidx.profileinstaller:profileinstaller:1.3.1] AndroidManifest.xml:21:5-44
MERGED from [androidx.startup:startup-runtime:1.1.1] AndroidManifest.xml:21:5-23:41
MERGED from [androidx.startup:startup-runtime:1.1.1] AndroidManifest.xml:21:5-23:41
MERGED from [androidx.tracing:tracing:1.2.0] AndroidManifest.xml:20:5-44
MERGED from [androidx.tracing:tracing:1.2.0] AndroidManifest.xml:20:5-44
MERGED from [androidx.versionedparcelable:versionedparcelable:1.1.1] AndroidManifest.xml:20:5-22:41
MERGED from [androidx.versionedparcelable:versionedparcelable:1.1.1] AndroidManifest.xml:20:5-22:41
MERGED from [androidx.cursoradapter:cursoradapter:1.0.0] AndroidManifest.xml:20:5-44
MERGED from [androidx.cursoradapter:cursoradapter:1.0.0] AndroidManifest.xml:20:5-44
MERGED from [androidx.interpolator:interpolator:1.0.0] AndroidManifest.xml:20:5-44
MERGED from [androidx.interpolator:interpolator:1.0.0] AndroidManifest.xml:20:5-44
MERGED from [com.google.firebase:firebase-components:18.0.0] AndroidManifest.xml:18:5-44
MERGED from [com.google.firebase:firebase-components:18.0.0] AndroidManifest.xml:18:5-44
MERGED from [androidx.arch.core:core-runtime:2.2.0] AndroidManifest.xml:20:5-44
MERGED from [androidx.arch.core:core-runtime:2.2.0] AndroidManifest.xml:20:5-44
MERGED from [androidx.window.extensions.core:core:1.0.0] AndroidManifest.xml:5:5-44
MERGED from [androidx.window.extensions.core:core:1.0.0] AndroidManifest.xml:5:5-44
MERGED from [androidx.annotation:annotation-experimental:1.4.0] AndroidManifest.xml:5:5-44
MERGED from [androidx.annotation:annotation-experimental:1.4.0] AndroidManifest.xml:5:5-44
MERGED from [com.getkeepsafe.relinker:relinker:1.4.5] AndroidManifest.xml:5:5-43
MERGED from [com.getkeepsafe.relinker:relinker:1.4.5] AndroidManifest.xml:5:5-43
MERGED from [com.google.firebase:protolite-well-known-types:18.0.0] AndroidManifest.xml:7:5-9:41
MERGED from [com.google.firebase:protolite-well-known-types:18.0.0] AndroidManifest.xml:7:5-9:41
MERGED from [io.grpc:grpc-android:1.62.2] AndroidManifest.xml:5:5-44
MERGED from [io.grpc:grpc-android:1.62.2] AndroidManifest.xml:5:5-44
	android:targetSdkVersion
		INJECTED from src\main\AndroidManifest.xml
	android:minSdkVersion
		INJECTED from src\main\AndroidManifest.xml
service#com.baseflow.geolocator.GeolocatorLocationService
ADDED from [:geolocator_android] AndroidManifest.xml:8:9-12:56
	android:enabled
		ADDED from [:geolocator_android] AndroidManifest.xml:10:13-35
	android:exported
		ADDED from [:geolocator_android] AndroidManifest.xml:11:13-37
	android:foregroundServiceType
		ADDED from [:geolocator_android] AndroidManifest.xml:12:13-53
	android:name
		ADDED from [:geolocator_android] AndroidManifest.xml:9:13-77
service#com.google.firebase.components.ComponentDiscoveryService
ADDED from [:cloud_firestore] AndroidManifest.xml:8:9-12:19
MERGED from [:firebase_storage] AndroidManifest.xml:8:9-12:19
MERGED from [:firebase_storage] AndroidManifest.xml:8:9-12:19
MERGED from [:firebase_core] AndroidManifest.xml:8:9-12:19
MERGED from [:firebase_core] AndroidManifest.xml:8:9-12:19
MERGED from [com.google.firebase:firebase-firestore:25.1.2] AndroidManifest.xml:14:9-23:19
MERGED from [com.google.firebase:firebase-firestore:25.1.2] AndroidManifest.xml:14:9-23:19
MERGED from [com.google.firebase:firebase-storage:21.0.1] AndroidManifest.xml:27:9-36:19
MERGED from [com.google.firebase:firebase-storage:21.0.1] AndroidManifest.xml:27:9-36:19
MERGED from [com.google.firebase:firebase-appcheck:18.0.0] AndroidManifest.xml:22:9-31:19
MERGED from [com.google.firebase:firebase-appcheck:18.0.0] AndroidManifest.xml:22:9-31:19
MERGED from [com.google.firebase:firebase-common-ktx:21.0.0] AndroidManifest.xml:9:9-15:19
MERGED from [com.google.firebase:firebase-common-ktx:21.0.0] AndroidManifest.xml:9:9-15:19
MERGED from [com.google.firebase:firebase-common:21.0.0] AndroidManifest.xml:30:9-38:19
MERGED from [com.google.firebase:firebase-common:21.0.0] AndroidManifest.xml:30:9-38:19
	android:exported
		ADDED from [com.google.firebase:firebase-firestore:25.1.2] AndroidManifest.xml:16:13-37
	tools:targetApi
		ADDED from [com.google.firebase:firebase-common:21.0.0] AndroidManifest.xml:34:13-32
	android:directBootAware
		ADDED from [com.google.firebase:firebase-common:21.0.0] AndroidManifest.xml:32:13-43
	android:name
		ADDED from [:cloud_firestore] AndroidManifest.xml:8:18-89
meta-data#com.google.firebase.components:io.flutter.plugins.firebase.firestore.FlutterFirebaseFirestoreRegistrar
ADDED from [:cloud_firestore] AndroidManifest.xml:9:13-11:85
	android:value
		ADDED from [:cloud_firestore] AndroidManifest.xml:11:17-82
	android:name
		ADDED from [:cloud_firestore] AndroidManifest.xml:10:17-134
meta-data#com.google.firebase.components:io.flutter.plugins.firebase.storage.FlutterFirebaseAppRegistrar
ADDED from [:firebase_storage] AndroidManifest.xml:9:13-11:85
	android:value
		ADDED from [:firebase_storage] AndroidManifest.xml:11:17-82
	android:name
		ADDED from [:firebase_storage] AndroidManifest.xml:10:17-126
meta-data#com.google.firebase.components:io.flutter.plugins.firebase.core.FlutterFirebaseCoreRegistrar
ADDED from [:firebase_core] AndroidManifest.xml:9:13-11:85
	android:value
		ADDED from [:firebase_core] AndroidManifest.xml:11:17-82
	android:name
		ADDED from [:firebase_core] AndroidManifest.xml:10:17-124
provider#io.flutter.plugins.imagepicker.ImagePickerFileProvider
ADDED from [:image_picker_android] AndroidManifest.xml:9:9-17:20
	android:grantUriPermissions
		ADDED from [:image_picker_android] AndroidManifest.xml:13:13-47
	android:authorities
		ADDED from [:image_picker_android] AndroidManifest.xml:11:13-74
	android:exported
		ADDED from [:image_picker_android] AndroidManifest.xml:12:13-37
	android:name
		ADDED from [:image_picker_android] AndroidManifest.xml:10:13-82
meta-data#android.support.FILE_PROVIDER_PATHS
ADDED from [:image_picker_android] AndroidManifest.xml:14:13-16:75
	android:resource
		ADDED from [:image_picker_android] AndroidManifest.xml:16:17-72
	android:name
		ADDED from [:image_picker_android] AndroidManifest.xml:15:17-67
service#com.google.android.gms.metadata.ModuleDependencies
ADDED from [:image_picker_android] AndroidManifest.xml:19:9-31:19
	android:enabled
		ADDED from [:image_picker_android] AndroidManifest.xml:21:13-36
	android:exported
		ADDED from [:image_picker_android] AndroidManifest.xml:22:13-37
	tools:ignore
		ADDED from [:image_picker_android] AndroidManifest.xml:23:13-40
	android:name
		ADDED from [:image_picker_android] AndroidManifest.xml:20:13-78
intent-filter#action:name:com.google.android.gms.metadata.MODULE_DEPENDENCIES
ADDED from [:image_picker_android] AndroidManifest.xml:24:13-26:29
action#com.google.android.gms.metadata.MODULE_DEPENDENCIES
ADDED from [:image_picker_android] AndroidManifest.xml:25:17-94
	android:name
		ADDED from [:image_picker_android] AndroidManifest.xml:25:25-91
meta-data#photopicker_activity:0:required
ADDED from [:image_picker_android] AndroidManifest.xml:28:13-30:36
	android:value
		ADDED from [:image_picker_android] AndroidManifest.xml:30:17-33
	android:name
		ADDED from [:image_picker_android] AndroidManifest.xml:29:17-63
uses-permission#android.permission.BLUETOOTH
ADDED from [com.github.canardoux:flutter_sound_core:9.25.9] AndroidManifest.xml:7:5-68
	android:name
		ADDED from [com.github.canardoux:flutter_sound_core:9.25.9] AndroidManifest.xml:7:22-65
uses-permission#android.permission.WAKE_LOCK
ADDED from [com.github.canardoux:flutter_sound_core:9.25.9] AndroidManifest.xml:8:5-68
	android:name
		ADDED from [com.github.canardoux:flutter_sound_core:9.25.9] AndroidManifest.xml:8:22-65
uses-permission#android.permission.MODIFY_AUDIO_SETTINGS
ADDED from [com.github.canardoux:flutter_sound_core:9.25.9] AndroidManifest.xml:9:5-80
	android:name
		ADDED from [com.github.canardoux:flutter_sound_core:9.25.9] AndroidManifest.xml:9:22-77
uses-permission#Manifest.permission.CAPTURE_AUDIO_OUTPUT
ADDED from [com.github.canardoux:flutter_sound_core:9.25.9] AndroidManifest.xml:11:5-80
	android:name
		ADDED from [com.github.canardoux:flutter_sound_core:9.25.9] AndroidManifest.xml:11:22-77
intent#action:name:android.media.browse.MediaBrowserService
ADDED from [androidx.media:media:1.4.1] AndroidManifest.xml:25:9-27:18
action#android.media.browse.MediaBrowserService
ADDED from [androidx.media:media:1.4.1] AndroidManifest.xml:26:13-79
	android:name
		ADDED from [androidx.media:media:1.4.1] AndroidManifest.xml:26:21-76
uses-permission#android.permission.ACCESS_NETWORK_STATE
ADDED from [com.google.firebase:firebase-firestore:25.1.2] AndroidManifest.xml:10:5-79
MERGED from [com.google.firebase:firebase-storage:21.0.1] AndroidManifest.xml:23:5-79
MERGED from [com.google.firebase:firebase-storage:21.0.1] AndroidManifest.xml:23:5-79
MERGED from [io.grpc:grpc-android:1.62.2] AndroidManifest.xml:7:5-79
MERGED from [io.grpc:grpc-android:1.62.2] AndroidManifest.xml:7:5-79
	android:name